<?xml version="1.0" encoding="UTF-8"?>
<!-- Generated by org.testng.reporters.JUnitReportReporter -->
<testsuite hostname="DESKTOP-RMUF57E" failures="0" tests="5" name="com.SeleniumBasics.ExcelReadByTestng" time="15.829" errors="0" timestamp="2023-08-26T09:29:05 IST" skipped="0">
  <testcase classname="com.SeleniumBasics.ExcelReadByTestng" name="tc1" time="2.980"/>
  <testcase classname="com.SeleniumBasics.ExcelReadByTestng" name="tc1" time="2.452"/>
  <testcase classname="com.SeleniumBasics.ExcelReadByTestng" name="tc1" time="2.541"/>
  <testcase classname="com.SeleniumBasics.ExcelReadByTestng" name="tc1" time="5.462"/>
  <testcase classname="com.SeleniumBasics.ExcelReadByTestng" name="tc1" time="2.394"/>
</testsuite> <!-- com.SeleniumBasics.ExcelReadByTestng -->
