<?xml version="1.0" encoding="UTF-8"?>
<!-- Generated by org.testng.reporters.JUnitReportReporter -->
<testsuite hostname="DESKTOP-RMUF57E" failures="0" tests="1" name="com.mvnPrgrms1.AdactinPOMMain" time="22.399" errors="0" timestamp="2023-08-16T12:36:37 IST" skipped="0">
  <testcase classname="com.mvnPrgrms1.AdactinPOMMain" name="AdactinTestCases" time="22.399"/>
</testsuite> <!-- com.mvnPrgrms1.AdactinPOMMain -->
