<?xml version="1.0" encoding="UTF-8"?>
<!-- Generated by org.testng.reporters.JUnitReportReporter -->
<testsuite hostname="DESKTOP-RMUF57E" failures="0" tests="2" name="com.base.AdactMain" time="88.928" errors="0" timestamp="2023-08-13T13:49:43 IST" skipped="0">
  <testcase classname="com.base.AdactMain" name="searchHotel" time="84.070"/>
  <testcase classname="com.base.AdactMain" name="loginTestcase" time="4.858"/>
</testsuite> <!-- com.base.AdactMain -->
