<?xml version="1.0" encoding="UTF-8"?>
<!-- Generated by org.testng.reporters.JUnitReportReporter -->
<testsuite hostname="DESKTOP-RMUF57E" failures="0" tests="1" name="com.mvnPrgrms1.demo" time="0.006" errors="0" timestamp="2023-08-06T20:54:35 IST" skipped="0">
  <testcase classname="com.mvnPrgrms1.demo" name="tc1" time="0.006"/>
</testsuite> <!-- com.mvnPrgrms1.demo -->
