<?xml version="1.0" encoding="UTF-8"?>
<!-- Generated by org.testng.reporters.JUnitReportReporter -->
<testsuite hostname="DESKTOP-RMUF57E" failures="0" tests="2" name="com.SeleniumBasics.TestNgGroupingDemo" time="0.011" errors="0" timestamp="2023-08-27T19:22:26 IST" skipped="0">
  <testcase classname="com.SeleniumBasics.TestNgGroupingDemo" name="tc3" time="0.002"/>
  <testcase classname="com.SeleniumBasics.TestNgGroupingDemo" name="tc2" time="0.009"/>
</testsuite> <!-- com.SeleniumBasics.TestNgGroupingDemo -->
